============================================================
   Tang Dynasty, V4.6.18154
   Copyright:   Shanghai Anlogic Infotech Co., Ltd.
                2011 - 2021
   Executable = /home/omkar/VJTI/primer/TD_RELEASE_March2020_r4.6.4/bin/td
   Built by =   omkar
   Built at =   2020, Mar 27
   Run by =     omkar
   Run Date =   Tue Feb  2 21:38:20 2021

   Run on =     omkar
============================================================
RUN-1002 : start command "open_project vga_test_pattern.al"
HDL-1007 : analyze verilog file ../src/vga_test_pattern_top.v
HDL-1007 : analyze included file ../src/vga_sync_pulse.v in ../src/vga_test_pattern_top.v(8)
HDL-1007 : back to file '../src/vga_test_pattern_top.v' in ../src/vga_test_pattern_top.v(8)
HDL-1007 : analyze included file ../src/vga_sync_porch.v in ../src/vga_test_pattern_top.v(9)
HDL-1007 : back to file '../src/vga_test_pattern_top.v' in ../src/vga_test_pattern_top.v(9)
HDL-1007 : analyze included file ../src/test_pattern_gen.v in ../src/vga_test_pattern_top.v(10)
HDL-1007 : back to file '../src/vga_test_pattern_top.v' in ../src/vga_test_pattern_top.v(10)
HDL-1007 : analyze included file ../src/sync_count.v in ../src/vga_test_pattern_top.v(11)
HDL-1007 : back to file '../src/vga_test_pattern_top.v' in ../src/vga_test_pattern_top.v(11)
RUN-1002 : start command "import_device eagle_s20.db -package BG256"
ARC-1001 : Device Initialization.
ARC-1001 : ------------------------------------------------------------------
ARC-1001 :            OPTION            |          IO          |   SETTING   
ARC-1001 : ------------------------------------------------------------------
ARC-1001 :   cso_b/cclk/mosi/miso/dout  |  T3/R11/T10/P10/S11  |    gpio    
ARC-1001 :             done             |         P13          |    gpio    
ARC-1001 :           program_b          |          T2          |  dedicated  
ARC-1001 :        tdi/tms/tck/tdo       |   C12/A15/C14/E14    |  dedicated  
ARC-1001 : ------------------------------------------------------------------
ARC-1004 : Device setting, marked 5 dedicate IOs in total.
